0 info it worked if it ends with ok
1 verbose cli [
1 verbose cli   '/root/.nvm/versions/node/v14.18.2/bin/node',
1 verbose cli   '/root/.nvm/versions/node/v14.18.2/bin/npm',
1 verbose cli   'install',
1 verbose cli   '--no-audit',
1 verbose cli   '--save',
1 verbose cli   '--save-exact',
1 verbose cli   '--loglevel',
1 verbose cli   'error',
1 verbose cli   'react',
1 verbose cli   'react-dom',
1 verbose cli   'react-scripts',
1 verbose cli   'cra-template'
1 verbose cli ]
2 info using npm@6.14.15
3 info using node@v14.18.2
4 verbose npm-session 5b67ba28bfcba6fc
5 silly install loadCurrentTree
6 silly install readLocalPackageData
7 http fetch GET 200 https://registry.npmjs.org/cra-template 412ms
8 http fetch GET 200 https://registry.npmjs.org/cra-template/-/cra-template-1.2.0.tgz 170ms
9 silly pacote tag manifest for cra-template@latest fetched in 601ms
10 http fetch GET 200 https://registry.npmjs.org/react-scripts 1508ms
11 http fetch GET 200 https://registry.npmjs.org/react-scripts/-/react-scripts-5.0.1.tgz 249ms
12 silly pacote tag manifest for react-scripts@latest fetched in 1791ms
13 http fetch GET 200 https://registry.npmjs.org/react 2684ms
14 http fetch GET 200 https://registry.npmjs.org/react/-/react-18.2.0.tgz 247ms
15 silly pacote tag manifest for react@latest fetched in 2964ms
16 timing npm Completed in 3283ms
17 error cb() never called!
18 error This is an error with npm itself. Please report this error at:
19 error <https://npm.community>
