0 info it worked if it ends with ok
1 verbose cli [
1 verbose cli   '/root/.nvm/versions/node/v14.18.2/bin/node',
1 verbose cli   '/root/.nvm/versions/node/v14.18.2/bin/npm',
1 verbose cli   'install',
1 verbose cli   '--no-audit',
1 verbose cli   '--save',
1 verbose cli   '--save-exact',
1 verbose cli   '--loglevel',
1 verbose cli   'error',
1 verbose cli   'react',
1 verbose cli   'react-dom',
1 verbose cli   'react-scripts',
1 verbose cli   'cra-template'
1 verbose cli ]
2 info using npm@6.14.15
3 info using node@v14.18.2
4 verbose npm-session a635eb50c94e7253
5 silly install loadCurrentTree
6 silly install readLocalPackageData
7 http fetch GET 200 https://registry.npmjs.org/react-scripts 55ms (from cache)
8 silly pacote tag manifest for react-scripts@latest fetched in 67ms
9 http fetch GET 304 https://registry.npmjs.org/react 478ms (from cache)
10 silly pacote tag manifest for react@latest fetched in 500ms
11 http fetch GET 304 https://registry.npmjs.org/cra-template 513ms (from cache)
12 silly pacote tag manifest for cra-template@latest fetched in 519ms
13 http fetch GET 304 https://registry.npmjs.org/react-dom 531ms (from cache)
14 http fetch GET 200 https://registry.npmjs.org/react-dom/-/react-dom-18.2.0.tgz 629ms
15 silly pacote tag manifest for react-dom@latest fetched in 1180ms
16 timing stage:loadCurrentTree Completed in 1225ms
17 silly install loadIdealTree
18 silly install cloneCurrentTreeToIdealTree
19 timing stage:loadIdealTree:cloneCurrentTree Completed in 1ms
20 silly install loadShrinkwrap
21 timing stage:loadIdealTree:loadShrinkwrap Completed in 0ms
22 silly install loadAllDepsIntoIdealTree
23 silly resolveWithNewModule react-scripts@5.0.1 checking installable status
24 silly resolveWithNewModule react@18.2.0 checking installable status
25 silly resolveWithNewModule cra-template@1.2.0 checking installable status
26 silly resolveWithNewModule react-dom@18.2.0 checking installable status
27 http fetch GET 200 https://registry.npmjs.org/loose-envify 222ms
28 silly pacote range manifest for loose-envify@^1.1.0 fetched in 228ms
29 silly resolveWithNewModule loose-envify@1.4.0 checking installable status
30 http fetch GET 200 https://registry.npmjs.org/js-tokens 138ms
31 silly pacote range manifest for js-tokens@^3.0.0 || ^4.0.0 fetched in 141ms
32 silly resolveWithNewModule js-tokens@4.0.0 checking installable status
33 timing npm Completed in 1965ms
34 error cb() never called!
35 error This is an error with npm itself. Please report this error at:
36 error <https://npm.community>
