0 info it worked if it ends with ok
1 verbose cli [
1 verbose cli   '/usr/local/bin/node',
1 verbose cli   '/usr/local/bin/npm',
1 verbose cli   'install',
1 verbose cli   '--ignore-scripts',
1 verbose cli   '@types/abbrev@ts3.6',
1 verbose cli   '@types/accepts@ts3.6',
1 verbose cli   '@types/ansi-align@ts3.6',
1 verbose cli   '@types/are-we-there-yet@ts3.6',
1 verbose cli   '@types/asn1@ts3.6',
1 verbose cli   '@types/assert-plus@ts3.6',
1 verbose cli   '@types/aws4@ts3.6',
1 verbose cli   '@types/balanced-match@ts3.6',
1 verbose cli   '@types/body-parser@ts3.6',
1 verbose cli   '@types/brace-expansion@ts3.6',
1 verbose cli   '@types/braces@ts3.6',
1 verbose cli   '@types/bytes@ts3.6',
1 verbose cli   '@types/caseless@ts3.6',
1 verbose cli   '@types/chownr@ts3.6',
1 verbose cli   '@types/color-convert@ts3.6',
1 verbose cli   '@types/color-name@ts3.6',
1 verbose cli   '@types/color-support@ts3.6',
1 verbose cli   '@types/combined-stream@ts3.6',
1 verbose cli   '@types/concat-map@ts3.6',
1 verbose cli   '@types/configstore@ts3.6',
1 verbose cli   '@types/content-disposition@ts3.6',
1 verbose cli   '@types/content-type@ts3.6',
1 verbose cli   '@types/cookie@ts3.6',
1 verbose cli   '@types/cookie-signature@ts3.6',
1 verbose cli   '@types/dashdash@ts3.6',
1 verbose cli   '@types/debug@ts3.6',
1 verbose cli   '@types/deep-extend@ts3.6',
1 verbose cli   '@types/delegates@ts3.6',
1 verbose cli   '@types/depd@ts3.6',
1 verbose cli   '@types/destroy@ts3.6',
1 verbose cli   '@types/detect-libc@ts3.6',
1 verbose cli   '@types/duplexer3@ts3.6',
1 verbose cli   '@types/ee-first@ts3.6',
1 verbose cli   '@types/encodeurl@ts3.6',
1 verbose cli   '@types/end-of-stream@ts3.6',
1 verbose cli   '@types/escape-html@ts3.6',
1 verbose cli   '@types/etag@ts3.6',
1 verbose cli   '@types/extend@ts3.6',
1 verbose cli   '@types/extsprintf@ts3.6',
1 verbose cli   '@types/fill-range@ts3.6',
1 verbose cli   '@types/finalhandler@ts3.6',
1 verbose cli   '@types/forever-agent@ts3.6',
1 verbose cli   '@types/forwarded@ts3.6',
1 verbose cli   '@types/fresh@ts3.6',
1 verbose cli   '@types/fs-minipass@ts3.6',
1 verbose cli   '@types/gauge@ts3.6',
1 verbose cli   '@types/getpass@ts3.6',
1 verbose cli   '@types/glob-parent@ts3.6',
1 verbose cli   '@types/graceful-fs@ts3.6',
1 verbose cli   '@types/http-cache-semantics@ts3.6',
1 verbose cli   '@types/http-errors@ts3.6',
1 verbose cli   '@types/ignore-walk@ts3.6',
1 verbose cli   '@types/imurmurhash@ts3.6',
1 verbose cli   '@types/inherits@ts3.6',
1 verbose cli   '@types/ini@ts3.6',
1 verbose cli   '@types/is-ci@ts3.6',
1 verbose cli   '@types/is-glob@ts3.6',
1 verbose cli   '@types/is-number@ts3.6',
1 verbose cli   '@types/is-typedarray@ts3.6',
1 verbose cli   '@types/isarray@ts3.6',
1 verbose cli   '@types/isexe@ts3.6',
1 verbose cli   '@types/isstream@ts3.6',
1 verbose cli   '@types/jsbn@ts3.6',
1 verbose cli   '@types/json-buffer@ts3.6',
1 verbose cli   '@types/json-schema@ts3.6',
1 verbose cli   '@types/json-stringify-safe@ts3.6',
1 verbose cli   '@types/jwa@ts3.6',
1 verbose cli   '@types/jws@ts3.6',
1 verbose cli   '@types/lodash.includes@ts3.6',
1 verbose cli   '@types/lodash.isboolean@ts3.6',
1 verbose cli   '@types/lodash.isinteger@ts3.6',
1 verbose cli   '@types/lodash.isnumber@ts3.6',
1 verbose cli   '@types/lodash.isplainobject@ts3.6',
1 verbose cli   '@types/lodash.isstring@ts3.6',
1 verbose cli   '@types/lodash.once@ts3.6',
1 verbose cli   '@types/media-typer@ts3.6',
1 verbose cli   '@types/merge-descriptors@ts3.6',
1 verbose cli   '@types/methods@ts3.6',
1 verbose cli   '@types/mime@ts3.6',
1 verbose cli   '@types/mime-db@ts3.6',
1 verbose cli   '@types/mime-types@ts3.6',
1 verbose cli   '@types/minimist@ts3.6',
1 verbose cli   '@types/minizlib@ts3.6',
1 verbose cli   '@types/ms@ts3.6',
1 verbose cli   '@types/needle@ts3.6',
1 verbose cli   '@types/negotiator@ts3.6',
1 verbose cli   '@types/node-fetch@ts3.6',
1 verbose cli   '@types/nopt@ts3.6',
1 verbose cli   '@types/normalize-path@ts3.6',
1 verbose cli   '@types/npm-packlist@ts3.6',
1 verbose cli   '@types/npmlog@ts3.6',
1 verbose cli   '@types/number-is-nan@ts3.6',
1 verbose cli   '@types/object-assign@ts3.6',
1 verbose cli   '@types/on-finished@ts3.6',
1 verbose cli   '@types/once@ts3.6',
1 verbose cli   '@types/os-homedir@ts3.6',
1 verbose cli   ... 48 more items
1 verbose cli ]
2 info using npm@6.14.6
3 info using node@v12.18.3
4 verbose npm-session efcac171cb57f4ac
5 silly install loadCurrentTree
6 silly install readLocalPackageData
7 http fetch GET 200 https://registry.npmjs.org/@types%2fansi-align 589ms
8 silly fetchPackageMetaData error for @types/ansi-align@ts3.6 No matching version found for @types/ansi-align@ts3.6.
9 http fetch GET 304 https://registry.npmjs.org/@types%2faws4 607ms (from cache)
10 http fetch GET 304 https://registry.npmjs.org/@types%2fasn1 610ms (from cache)
11 http fetch GET 304 https://registry.npmjs.org/@types%2fabbrev 616ms (from cache)
12 http fetch GET 304 https://registry.npmjs.org/@types%2fbrace-expansion 608ms (from cache)
13 http fetch GET 304 https://registry.npmjs.org/@types%2fbody-parser 615ms (from cache)
14 http fetch GET 304 https://registry.npmjs.org/@types%2fare-we-there-yet 620ms (from cache)
15 http fetch GET 304 https://registry.npmjs.org/@types%2fassert-plus 620ms (from cache)
16 silly pacote tag manifest for @types/aws4@ts3.6 fetched in 622ms
17 silly pacote tag manifest for @types/asn1@ts3.6 fetched in 628ms
18 silly pacote tag manifest for @types/brace-expansion@ts3.6 fetched in 626ms
19 silly pacote tag manifest for @types/body-parser@ts3.6 fetched in 629ms
20 silly pacote tag manifest for @types/abbrev@ts3.6 fetched in 643ms
21 silly pacote tag manifest for @types/are-we-there-yet@ts3.6 fetched in 638ms
22 silly pacote tag manifest for @types/assert-plus@ts3.6 fetched in 637ms
23 http fetch GET 304 https://registry.npmjs.org/@types%2fbalanced-match 657ms (from cache)
24 silly pacote tag manifest for @types/balanced-match@ts3.6 fetched in 659ms
25 http fetch GET 304 https://registry.npmjs.org/@types%2faccepts 669ms (from cache)
26 silly pacote tag manifest for @types/accepts@ts3.6 fetched in 673ms
27 http fetch GET 304 https://registry.npmjs.org/@types%2fbraces 159ms (from cache)
28 silly pacote tag manifest for @types/braces@ts3.6 fetched in 162ms
29 http fetch GET 304 https://registry.npmjs.org/@types%2fchownr 164ms (from cache)
30 silly pacote tag manifest for @types/chownr@ts3.6 fetched in 173ms
31 http fetch GET 304 https://registry.npmjs.org/@types%2fbytes 182ms (from cache)
32 http fetch GET 304 https://registry.npmjs.org/@types%2fcolor-name 175ms (from cache)
33 silly pacote tag manifest for @types/bytes@ts3.6 fetched in 186ms
34 silly pacote tag manifest for @types/color-name@ts3.6 fetched in 184ms
35 http fetch GET 304 https://registry.npmjs.org/@types%2fcombined-stream 181ms (from cache)
36 http fetch GET 304 https://registry.npmjs.org/@types%2fcolor-support 185ms (from cache)
37 http fetch GET 304 https://registry.npmjs.org/@types%2fcaseless 195ms (from cache)
38 http fetch GET 304 https://registry.npmjs.org/@types%2fcolor-convert 190ms (from cache)
39 silly pacote tag manifest for @types/combined-stream@ts3.6 fetched in 187ms
40 silly pacote tag manifest for @types/color-support@ts3.6 fetched in 195ms
41 silly pacote tag manifest for @types/caseless@ts3.6 fetched in 205ms
42 silly pacote tag manifest for @types/color-convert@ts3.6 fetched in 200ms
43 http fetch GET 304 https://registry.npmjs.org/@types%2fconcat-map 185ms (from cache)
44 silly pacote tag manifest for @types/concat-map@ts3.6 fetched in 187ms
45 http fetch GET 304 https://registry.npmjs.org/@types%2fcontent-type 143ms (from cache)
46 silly pacote tag manifest for @types/content-type@ts3.6 fetched in 146ms
47 http fetch GET 304 https://registry.npmjs.org/@types%2fdashdash 154ms (from cache)
48 http fetch GET 304 https://registry.npmjs.org/@types%2fcookie-signature 166ms (from cache)
49 silly pacote tag manifest for @types/cookie-signature@ts3.6 fetched in 172ms
50 silly pacote tag manifest for @types/dashdash@ts3.6 fetched in 165ms
51 http fetch GET 304 https://registry.npmjs.org/@types%2fcookie 184ms (from cache)
52 silly pacote tag manifest for @types/cookie@ts3.6 fetched in 199ms
53 http fetch GET 304 https://registry.npmjs.org/@types%2fdeep-extend 245ms (from cache)
54 http fetch GET 304 https://registry.npmjs.org/@types%2fdebug 249ms (from cache)
55 http fetch GET 304 https://registry.npmjs.org/@types%2fdepd 232ms (from cache)
56 silly pacote tag manifest for @types/deep-extend@ts3.6 fetched in 250ms
57 silly pacote tag manifest for @types/debug@ts3.6 fetched in 253ms
58 silly pacote tag manifest for @types/depd@ts3.6 fetched in 237ms
59 http fetch GET 304 https://registry.npmjs.org/@types%2fdestroy 166ms (from cache)
60 silly pacote tag manifest for @types/destroy@ts3.6 fetched in 169ms
61 http fetch GET 304 https://registry.npmjs.org/@types%2fdetect-libc 203ms (from cache)
62 silly pacote tag manifest for @types/detect-libc@ts3.6 fetched in 208ms
63 http fetch GET 304 https://registry.npmjs.org/@types%2fduplexer3 213ms (from cache)
64 silly pacote tag manifest for @types/duplexer3@ts3.6 fetched in 214ms
65 http fetch GET 304 https://registry.npmjs.org/@types%2fencodeurl 186ms (from cache)
66 http fetch GET 200 https://registry.npmjs.org/@types%2fdelegates 439ms
67 silly fetchPackageMetaData error for @types/delegates@ts3.6 No matching version found for @types/delegates@ts3.6.
68 silly pacote tag manifest for @types/encodeurl@ts3.6 fetched in 195ms
69 http fetch GET 304 https://registry.npmjs.org/@types%2fend-of-stream 204ms (from cache)
70 http fetch GET 304 https://registry.npmjs.org/@types%2fescape-html 203ms (from cache)
71 silly pacote tag manifest for @types/end-of-stream@ts3.6 fetched in 207ms
72 silly pacote tag manifest for @types/escape-html@ts3.6 fetched in 206ms
73 http fetch GET 304 https://registry.npmjs.org/@types%2fetag 173ms (from cache)
74 silly pacote tag manifest for @types/etag@ts3.6 fetched in 181ms
75 http fetch GET 304 https://registry.npmjs.org/@types%2fee-first 321ms (from cache)
76 silly pacote tag manifest for @types/ee-first@ts3.6 fetched in 323ms
77 http fetch GET 304 https://registry.npmjs.org/@types%2fextsprintf 189ms (from cache)
78 http fetch GET 304 https://registry.npmjs.org/@types%2fextend 198ms (from cache)
79 silly pacote tag manifest for @types/extsprintf@ts3.6 fetched in 192ms
80 silly pacote tag manifest for @types/extend@ts3.6 fetched in 201ms
81 http fetch GET 200 https://registry.npmjs.org/@types%2ffill-range 197ms
82 silly fetchPackageMetaData error for @types/fill-range@ts3.6 No matching version found for @types/fill-range@ts3.6.
83 http fetch GET 304 https://registry.npmjs.org/@types%2fforwarded 192ms (from cache)
84 http fetch GET 304 https://registry.npmjs.org/@types%2ffresh 183ms (from cache)
85 http fetch GET 200 https://registry.npmjs.org/@types%2ffs-minipass 149ms
86 silly fetchPackageMetaData error for @types/fs-minipass@ts3.6 No matching version found for @types/fs-minipass@ts3.6.
87 http fetch GET 304 https://registry.npmjs.org/@types%2fforever-agent 196ms (from cache)
88 http fetch GET 304 https://registry.npmjs.org/@types%2ffinalhandler 213ms (from cache)
89 silly pacote tag manifest for @types/forwarded@ts3.6 fetched in 199ms
90 silly pacote tag manifest for @types/fresh@ts3.6 fetched in 189ms
91 silly pacote tag manifest for @types/forever-agent@ts3.6 fetched in 203ms
92 silly pacote tag manifest for @types/finalhandler@ts3.6 fetched in 220ms
93 http fetch GET 304 https://registry.npmjs.org/@types%2fglob-parent 139ms (from cache)
94 silly pacote tag manifest for @types/glob-parent@ts3.6 fetched in 144ms
95 http fetch GET 304 https://registry.npmjs.org/@types%2fimurmurhash 161ms (from cache)
96 silly pacote tag manifest for @types/imurmurhash@ts3.6 fetched in 171ms
97 http fetch GET 304 https://registry.npmjs.org/@types%2fgetpass 276ms (from cache)
98 silly pacote tag manifest for @types/getpass@ts3.6 fetched in 300ms
99 http fetch GET 304 https://registry.npmjs.org/@types%2fhttp-errors 280ms (from cache)
100 http fetch GET 304 https://registry.npmjs.org/@types%2fgraceful-fs 297ms (from cache)
101 silly pacote tag manifest for @types/http-errors@ts3.6 fetched in 294ms
102 silly pacote tag manifest for @types/graceful-fs@ts3.6 fetched in 317ms
103 http fetch GET 304 https://registry.npmjs.org/@types%2finherits 209ms (from cache)
104 silly pacote tag manifest for @types/inherits@ts3.6 fetched in 213ms
105 http fetch GET 304 https://registry.npmjs.org/@types%2fini 253ms (from cache)
106 silly pacote tag manifest for @types/ini@ts3.6 fetched in 257ms
107 http fetch GET 304 https://registry.npmjs.org/@types%2fis-typedarray 181ms (from cache)
108 http fetch GET 304 https://registry.npmjs.org/@types%2fis-ci 310ms (from cache)
109 http fetch GET 304 https://registry.npmjs.org/@types%2fis-number 211ms (from cache)
110 silly pacote tag manifest for @types/is-typedarray@ts3.6 fetched in 188ms
111 silly pacote tag manifest for @types/is-ci@ts3.6 fetched in 316ms
112 http fetch GET 304 https://registry.npmjs.org/@types%2fis-glob 238ms (from cache)
113 silly pacote tag manifest for @types/is-number@ts3.6 fetched in 219ms
114 silly pacote tag manifest for @types/is-glob@ts3.6 fetched in 246ms
115 http fetch GET 304 https://registry.npmjs.org/@types%2fisarray 140ms (from cache)
116 silly pacote tag manifest for @types/isarray@ts3.6 fetched in 143ms
117 http fetch GET 304 https://registry.npmjs.org/@types%2fhttp-cache-semantics 625ms (from cache)
118 silly pacote tag manifest for @types/http-cache-semantics@ts3.6 fetched in 633ms
119 http fetch GET 304 https://registry.npmjs.org/@types%2fisstream 169ms (from cache)
120 http fetch GET 304 https://registry.npmjs.org/@types%2fjsbn 165ms (from cache)
121 silly pacote tag manifest for @types/isstream@ts3.6 fetched in 176ms
122 silly pacote tag manifest for @types/jsbn@ts3.6 fetched in 170ms
123 http fetch GET 304 https://registry.npmjs.org/@types%2fisexe 184ms (from cache)
124 silly pacote tag manifest for @types/isexe@ts3.6 fetched in 196ms
125 http fetch GET 304 https://registry.npmjs.org/@types%2fjson-buffer 189ms (from cache)
126 silly pacote tag manifest for @types/json-buffer@ts3.6 fetched in 196ms
127 http fetch GET 304 https://registry.npmjs.org/@types%2fjson-schema 166ms (from cache)
128 silly pacote tag manifest for @types/json-schema@ts3.6 fetched in 170ms
129 http fetch GET 304 https://registry.npmjs.org/@types%2fjson-stringify-safe 134ms (from cache)
130 silly pacote tag manifest for @types/json-stringify-safe@ts3.6 fetched in 135ms
131 http fetch GET 304 https://registry.npmjs.org/@types%2fjws 163ms (from cache)
132 http fetch GET 304 https://registry.npmjs.org/@types%2flodash.includes 145ms (from cache)
133 silly pacote tag manifest for @types/jws@ts3.6 fetched in 166ms
134 silly pacote tag manifest for @types/lodash.includes@ts3.6 fetched in 150ms
135 http fetch GET 304 https://registry.npmjs.org/@types%2flodash.isboolean 184ms (from cache)
136 silly pacote tag manifest for @types/lodash.isboolean@ts3.6 fetched in 193ms
137 http fetch GET 304 https://registry.npmjs.org/@types%2flodash.isinteger 245ms (from cache)
138 silly pacote tag manifest for @types/lodash.isinteger@ts3.6 fetched in 248ms
139 http fetch GET 304 https://registry.npmjs.org/@types%2fjwa 312ms (from cache)
140 silly pacote tag manifest for @types/jwa@ts3.6 fetched in 316ms
141 http fetch GET 304 https://registry.npmjs.org/@types%2flodash.isplainobject 158ms (from cache)
142 silly pacote tag manifest for @types/lodash.isplainobject@ts3.6 fetched in 164ms
143 http fetch GET 304 https://registry.npmjs.org/@types%2flodash.once 155ms (from cache)
144 silly pacote tag manifest for @types/lodash.once@ts3.6 fetched in 157ms
145 http fetch GET 304 https://registry.npmjs.org/@types%2fmerge-descriptors 189ms (from cache)
146 http fetch GET 304 https://registry.npmjs.org/@types%2fmethods 176ms (from cache)
147 silly pacote tag manifest for @types/merge-descriptors@ts3.6 fetched in 210ms
148 silly pacote tag manifest for @types/methods@ts3.6 fetched in 195ms
149 http fetch GET 304 https://registry.npmjs.org/@types%2fmedia-typer 286ms (from cache)
150 http fetch GET 304 https://registry.npmjs.org/@types%2fmime 195ms (from cache)
151 http fetch GET 304 https://registry.npmjs.org/@types%2fconfigstore 2111ms (from cache)
152 silly pacote tag manifest for @types/mime@ts3.6 fetched in 209ms
153 silly pacote tag manifest for @types/media-typer@ts3.6 fetched in 302ms
154 silly pacote tag manifest for @types/configstore@ts3.6 fetched in 2138ms
155 http fetch GET 304 https://registry.npmjs.org/@types%2fmime-types 150ms (from cache)
156 silly pacote tag manifest for @types/mime-types@ts3.6 fetched in 152ms
157 http fetch GET 304 https://registry.npmjs.org/@types%2flodash.isnumber 646ms (from cache)
158 http fetch GET 304 https://registry.npmjs.org/@types%2fmime-db 178ms (from cache)
159 silly pacote tag manifest for @types/mime-db@ts3.6 fetched in 181ms
160 silly pacote tag manifest for @types/lodash.isnumber@ts3.6 fetched in 649ms
161 http fetch GET 304 https://registry.npmjs.org/@types%2fminimist 157ms (from cache)
162 http fetch GET 304 https://registry.npmjs.org/@types%2fminizlib 157ms (from cache)
163 silly pacote tag manifest for @types/minimist@ts3.6 fetched in 160ms
164 silly pacote tag manifest for @types/minizlib@ts3.6 fetched in 161ms
165 http fetch GET 304 https://registry.npmjs.org/@types%2fms 179ms (from cache)
166 silly pacote tag manifest for @types/ms@ts3.6 fetched in 190ms
167 http fetch GET 304 https://registry.npmjs.org/@types%2fnopt 216ms (from cache)
168 http fetch GET 304 https://registry.npmjs.org/@types%2fcontent-disposition 2415ms (from cache)
169 http fetch GET 304 https://registry.npmjs.org/@types%2fnormalize-path 216ms (from cache)
170 http fetch GET 304 https://registry.npmjs.org/@types%2fneedle 287ms (from cache)
171 silly pacote tag manifest for @types/nopt@ts3.6 fetched in 219ms
172 silly pacote tag manifest for @types/content-disposition@ts3.6 fetched in 2418ms
173 silly pacote tag manifest for @types/normalize-path@ts3.6 fetched in 219ms
174 silly pacote tag manifest for @types/needle@ts3.6 fetched in 292ms
175 http fetch GET 304 https://registry.npmjs.org/@types%2fnpmlog 152ms (from cache)
176 http fetch GET 304 https://registry.npmjs.org/@types%2fnpm-packlist 329ms (from cache)
177 silly pacote tag manifest for @types/npmlog@ts3.6 fetched in 156ms
178 silly pacote tag manifest for @types/npm-packlist@ts3.6 fetched in 335ms
179 http fetch GET 304 https://registry.npmjs.org/@types%2fon-finished 173ms (from cache)
180 silly pacote tag manifest for @types/on-finished@ts3.6 fetched in 175ms
181 http fetch GET 304 https://registry.npmjs.org/@types%2fnumber-is-nan 247ms (from cache)
182 silly pacote tag manifest for @types/number-is-nan@ts3.6 fetched in 250ms
183 http fetch GET 304 https://registry.npmjs.org/@types%2fos-homedir 151ms (from cache)
184 silly pacote tag manifest for @types/os-homedir@ts3.6 fetched in 160ms
185 http fetch GET 304 https://registry.npmjs.org/@types%2fonce 174ms (from cache)
186 silly pacote tag manifest for @types/once@ts3.6 fetched in 176ms
187 http fetch GET 304 https://registry.npmjs.org/@types%2fos-tmpdir 170ms (from cache)
188 silly pacote tag manifest for @types/os-tmpdir@ts3.6 fetched in 173ms
189 http fetch GET 304 https://registry.npmjs.org/@types%2fparseurl 132ms (from cache)
190 silly pacote tag manifest for @types/parseurl@ts3.6 fetched in 134ms
191 http fetch GET 304 https://registry.npmjs.org/@types%2fpicomatch 147ms (from cache)
192 silly pacote tag manifest for @types/picomatch@ts3.6 fetched in 150ms
193 http fetch GET 304 https://registry.npmjs.org/@types%2fproxy-addr 169ms (from cache)
194 http fetch GET 304 https://registry.npmjs.org/@types%2fosenv 376ms (from cache)
195 silly pacote tag manifest for @types/osenv@ts3.6 fetched in 378ms
196 silly pacote tag manifest for @types/proxy-addr@ts3.6 fetched in 172ms
197 http fetch GET 200 https://registry.npmjs.org/@types%2fgauge 2410ms
198 silly fetchPackageMetaData error for @types/gauge@ts3.6 No matching version found for @types/gauge@ts3.6.
199 http fetch GET 304 https://registry.npmjs.org/@types%2fpath-is-absolute 311ms (from cache)
200 silly pacote tag manifest for @types/path-is-absolute@ts3.6 fetched in 312ms
201 http fetch GET 304 https://registry.npmjs.org/@types%2fpsl 177ms (from cache)
202 silly pacote tag manifest for @types/psl@ts3.6 fetched in 179ms
203 http fetch GET 304 https://registry.npmjs.org/@types%2fignore-walk 2364ms (from cache)
204 silly pacote tag manifest for @types/ignore-walk@ts3.6 fetched in 2367ms
205 http fetch GET 304 https://registry.npmjs.org/@types%2fpump 132ms (from cache)
206 silly pacote tag manifest for @types/pump@ts3.6 fetched in 134ms
207 http fetch GET 304 https://registry.npmjs.org/@types%2fpunycode 140ms (from cache)
208 http fetch GET 304 https://registry.npmjs.org/@types%2frange-parser 125ms (from cache)
209 silly pacote tag manifest for @types/punycode@ts3.6 fetched in 143ms
210 silly pacote tag manifest for @types/range-parser@ts3.6 fetched in 132ms
211 http fetch GET 304 https://registry.npmjs.org/@types%2fqs 145ms (from cache)
212 silly pacote tag manifest for @types/qs@ts3.6 fetched in 147ms
213 http fetch GET 304 https://registry.npmjs.org/@types%2frc 172ms (from cache)
214 http fetch GET 304 https://registry.npmjs.org/@types%2freadable-stream 163ms (from cache)
215 silly pacote tag manifest for @types/rc@ts3.6 fetched in 184ms
216 silly pacote tag manifest for @types/readable-stream@ts3.6 fetched in 175ms
217 http fetch GET 304 https://registry.npmjs.org/@types%2fregistry-auth-token 183ms (from cache)
218 http fetch GET 304 https://registry.npmjs.org/@types%2fresponselike 171ms (from cache)
219 silly pacote tag manifest for @types/registry-auth-token@ts3.6 fetched in 187ms
220 silly pacote tag manifest for @types/responselike@ts3.6 fetched in 176ms
221 http fetch GET 304 https://registry.npmjs.org/@types%2fsafer-buffer 238ms (from cache)
222 http fetch GET 304 https://registry.npmjs.org/@types%2frequest 260ms (from cache)
223 silly pacote tag manifest for @types/safer-buffer@ts3.6 fetched in 248ms
224 silly pacote tag manifest for @types/request@ts3.6 fetched in 267ms
225 http fetch GET 304 https://registry.npmjs.org/@types%2fsemver 268ms (from cache)
226 http fetch GET 304 https://registry.npmjs.org/@types%2fserve-static 198ms (from cache)
227 http fetch GET 304 https://registry.npmjs.org/@types%2fsax 288ms (from cache)
228 http fetch GET 304 https://registry.npmjs.org/@types%2fsend 205ms (from cache)
229 silly pacote tag manifest for @types/semver@ts3.6 fetched in 294ms
230 silly pacote tag manifest for @types/serve-static@ts3.6 fetched in 211ms
231 silly pacote tag manifest for @types/sax@ts3.6 fetched in 316ms
232 silly pacote tag manifest for @types/send@ts3.6 fetched in 231ms
233 http fetch GET 304 https://registry.npmjs.org/@types%2fsignal-exit 208ms (from cache)
234 silly pacote tag manifest for @types/signal-exit@ts3.6 fetched in 211ms
235 http fetch GET 200 https://registry.npmjs.org/@types%2fset-blocking 252ms
236 silly fetchPackageMetaData error for @types/set-blocking@ts3.6 No matching version found for @types/set-blocking@ts3.6.
237 http fetch GET 304 https://registry.npmjs.org/@types%2ftar 201ms (from cache)
238 http fetch GET 304 https://registry.npmjs.org/@types%2fsshpk 224ms (from cache)
239 silly pacote tag manifest for @types/tar@ts3.6 fetched in 207ms
240 silly pacote tag manifest for @types/sshpk@ts3.6 fetched in 231ms
241 http fetch GET 304 https://registry.npmjs.org/@types%2fsupports-color 221ms (from cache)
242 http fetch GET 200 https://registry.npmjs.org/@types%2fto-regex-range 154ms
243 silly fetchPackageMetaData error for @types/to-regex-range@ts3.6 No matching version found for @types/to-regex-range@ts3.6.
244 silly pacote tag manifest for @types/supports-color@ts3.6 fetched in 231ms
245 http fetch GET 200 https://registry.npmjs.org/@types%2ftoidentifier 144ms
246 silly fetchPackageMetaData error for @types/toidentifier@ts3.6 No matching version found for @types/toidentifier@ts3.6.
247 http fetch GET 200 https://registry.npmjs.org/@types%2ftr46 126ms
248 silly fetchPackageMetaData error for @types/tr46@ts3.6 No matching version found for @types/tr46@ts3.6.
249 http fetch GET 304 https://registry.npmjs.org/@types%2ftouch 158ms (from cache)
250 silly pacote tag manifest for @types/touch@ts3.6 fetched in 162ms
251 http fetch GET 304 https://registry.npmjs.org/@types%2ftough-cookie 169ms (from cache)
252 silly pacote tag manifest for @types/tough-cookie@ts3.6 fetched in 172ms
253 http fetch GET 304 https://registry.npmjs.org/@types%2ftype-is 156ms (from cache)
254 silly pacote tag manifest for @types/type-is@ts3.6 fetched in 158ms
255 http fetch GET 304 https://registry.npmjs.org/@types%2flodash.isstring 2420ms (from cache)
256 silly pacote tag manifest for @types/lodash.isstring@ts3.6 fetched in 2424ms
257 http fetch GET 200 https://registry.npmjs.org/@types%2ftypedarray-to-buffer 261ms
258 silly fetchPackageMetaData error for @types/typedarray-to-buffer@ts3.6 No matching version found for @types/typedarray-to-buffer@ts3.6.
259 http fetch GET 304 https://registry.npmjs.org/@types%2fstatuses 549ms (from cache)
260 silly pacote tag manifest for @types/statuses@ts3.6 fetched in 552ms
261 http fetch GET 304 https://registry.npmjs.org/@types%2futils-merge 166ms (from cache)
262 silly pacote tag manifest for @types/utils-merge@ts3.6 fetched in 179ms
263 http fetch GET 304 https://registry.npmjs.org/@types%2futil-deprecate 187ms (from cache)
264 silly pacote tag manifest for @types/util-deprecate@ts3.6 fetched in 198ms
265 http fetch GET 304 https://registry.npmjs.org/@types%2fnode-fetch 2061ms (from cache)
266 silly pacote tag manifest for @types/node-fetch@ts3.6 fetched in 2064ms
267 http fetch GET 304 https://registry.npmjs.org/@types%2fuuid 202ms (from cache)
268 silly pacote tag manifest for @types/uuid@ts3.6 fetched in 207ms
269 http fetch GET 304 https://registry.npmjs.org/@types%2fverror 179ms (from cache)
270 http fetch GET 304 https://registry.npmjs.org/@types%2fvary 198ms (from cache)
271 silly pacote tag manifest for @types/vary@ts3.6 fetched in 206ms
272 silly pacote tag manifest for @types/verror@ts3.6 fetched in 190ms
273 http fetch GET 304 https://registry.npmjs.org/@types%2fwhich 210ms (from cache)
274 http fetch GET 304 https://registry.npmjs.org/@types%2fwrite-file-atomic 182ms (from cache)
275 silly pacote tag manifest for @types/write-file-atomic@ts3.6 fetched in 185ms
276 silly pacote tag manifest for @types/which@ts3.6 fetched in 214ms
277 http fetch GET 304 https://registry.npmjs.org/@types%2fwebidl-conversions 270ms (from cache)
278 silly pacote tag manifest for @types/webidl-conversions@ts3.6 fetched in 274ms
279 http fetch GET 304 https://registry.npmjs.org/@types%2fyallist 190ms (from cache)
280 http fetch GET 304 https://registry.npmjs.org/@types%2fobject-assign 2095ms (from cache)
281 silly pacote tag manifest for @types/yallist@ts3.6 fetched in 193ms
282 silly pacote tag manifest for @types/object-assign@ts3.6 fetched in 2098ms
283 http fetch GET 304 https://registry.npmjs.org/@types%2fnegotiator 2379ms (from cache)
284 silly pacote tag manifest for @types/negotiator@ts3.6 fetched in 2382ms
285 http fetch GET 304 https://registry.npmjs.org/@types%2fupdate-notifier 651ms (from cache)
286 silly pacote tag manifest for @types/update-notifier@ts3.6 fetched in 655ms
287 http fetch GET 304 https://registry.npmjs.org/@types%2fwhatwg-url 651ms (from cache)
288 silly pacote tag manifest for @types/whatwg-url@ts3.6 fetched in 655ms
289 http fetch GET 200 https://registry.npmjs.org/@types%2furl-parse-lax 2430ms
290 silly fetchPackageMetaData error for @types/url-parse-lax@ts3.6 No matching version found for @types/url-parse-lax@ts3.6.
291 timing stage:rollbackFailedOptional Completed in 1ms
292 timing stage:runTopLevelLifecycles Completed in 7224ms
293 verbose type tag
294 verbose stack @types/ansi-align: No matching version found for @types/ansi-align@ts3.6.
294 verbose stack     at pickManifest (/usr/local/lib/node_modules/npm/node_modules/npm-pick-manifest/index.js:122:13)
294 verbose stack     at /usr/local/lib/node_modules/npm/node_modules/pacote/lib/fetchers/registry/manifest.js:24:14
294 verbose stack     at tryCatcher (/usr/local/lib/node_modules/npm/node_modules/bluebird/js/release/util.js:16:23)
294 verbose stack     at Promise._settlePromiseFromHandler (/usr/local/lib/node_modules/npm/node_modules/bluebird/js/release/promise.js:517:31)
294 verbose stack     at Promise._settlePromise (/usr/local/lib/node_modules/npm/node_modules/bluebird/js/release/promise.js:574:18)
294 verbose stack     at Promise._settlePromise0 (/usr/local/lib/node_modules/npm/node_modules/bluebird/js/release/promise.js:619:10)
294 verbose stack     at Promise._settlePromises (/usr/local/lib/node_modules/npm/node_modules/bluebird/js/release/promise.js:699:18)
294 verbose stack     at _drainQueueStep (/usr/local/lib/node_modules/npm/node_modules/bluebird/js/release/async.js:138:12)
294 verbose stack     at _drainQueue (/usr/local/lib/node_modules/npm/node_modules/bluebird/js/release/async.js:131:9)
294 verbose stack     at Async._drainQueues (/usr/local/lib/node_modules/npm/node_modules/bluebird/js/release/async.js:147:5)
294 verbose stack     at Immediate.Async.drainQueues [as _onImmediate] (/usr/local/lib/node_modules/npm/node_modules/bluebird/js/release/async.js:17:14)
294 verbose stack     at processImmediate (internal/timers.js:456:21)
295 verbose cwd /home/theia/.cache/typescript/3.6
296 verbose Linux 5.10.16.3-microsoft-standard-WSL2
297 verbose argv "/usr/local/bin/node" "/usr/local/bin/npm" "install" "--ignore-scripts" "@types/abbrev@ts3.6" "@types/accepts@ts3.6" "@types/ansi-align@ts3.6" "@types/are-we-there-yet@ts3.6" "@types/asn1@ts3.6" "@types/assert-plus@ts3.6" "@types/aws4@ts3.6" "@types/balanced-match@ts3.6" "@types/body-parser@ts3.6" "@types/brace-expansion@ts3.6" "@types/braces@ts3.6" "@types/bytes@ts3.6" "@types/caseless@ts3.6" "@types/chownr@ts3.6" "@types/color-convert@ts3.6" "@types/color-name@ts3.6" "@types/color-support@ts3.6" "@types/combined-stream@ts3.6" "@types/concat-map@ts3.6" "@types/configstore@ts3.6" "@types/content-disposition@ts3.6" "@types/content-type@ts3.6" "@types/cookie@ts3.6" "@types/cookie-signature@ts3.6" "@types/dashdash@ts3.6" "@types/debug@ts3.6" "@types/deep-extend@ts3.6" "@types/delegates@ts3.6" "@types/depd@ts3.6" "@types/destroy@ts3.6" "@types/detect-libc@ts3.6" "@types/duplexer3@ts3.6" "@types/ee-first@ts3.6" "@types/encodeurl@ts3.6" "@types/end-of-stream@ts3.6" "@types/escape-html@ts3.6" "@types/etag@ts3.6" "@types/extend@ts3.6" "@types/extsprintf@ts3.6" "@types/fill-range@ts3.6" "@types/finalhandler@ts3.6" "@types/forever-agent@ts3.6" "@types/forwarded@ts3.6" "@types/fresh@ts3.6" "@types/fs-minipass@ts3.6" "@types/gauge@ts3.6" "@types/getpass@ts3.6" "@types/glob-parent@ts3.6" "@types/graceful-fs@ts3.6" "@types/http-cache-semantics@ts3.6" "@types/http-errors@ts3.6" "@types/ignore-walk@ts3.6" "@types/imurmurhash@ts3.6" "@types/inherits@ts3.6" "@types/ini@ts3.6" "@types/is-ci@ts3.6" "@types/is-glob@ts3.6" "@types/is-number@ts3.6" "@types/is-typedarray@ts3.6" "@types/isarray@ts3.6" "@types/isexe@ts3.6" "@types/isstream@ts3.6" "@types/jsbn@ts3.6" "@types/json-buffer@ts3.6" "@types/json-schema@ts3.6" "@types/json-stringify-safe@ts3.6" "@types/jwa@ts3.6" "@types/jws@ts3.6" "@types/lodash.includes@ts3.6" "@types/lodash.isboolean@ts3.6" "@types/lodash.isinteger@ts3.6" "@types/lodash.isnumber@ts3.6" "@types/lodash.isplainobject@ts3.6" "@types/lodash.isstring@ts3.6" "@types/lodash.once@ts3.6" "@types/media-typer@ts3.6" "@types/merge-descriptors@ts3.6" "@types/methods@ts3.6" "@types/mime@ts3.6" "@types/mime-db@ts3.6" "@types/mime-types@ts3.6" "@types/minimist@ts3.6" "@types/minizlib@ts3.6" "@types/ms@ts3.6" "@types/needle@ts3.6" "@types/negotiator@ts3.6" "@types/node-fetch@ts3.6" "@types/nopt@ts3.6" "@types/normalize-path@ts3.6" "@types/npm-packlist@ts3.6" "@types/npmlog@ts3.6" "@types/number-is-nan@ts3.6" "@types/object-assign@ts3.6" "@types/on-finished@ts3.6" "@types/once@ts3.6" "@types/os-homedir@ts3.6" "@types/os-tmpdir@ts3.6" "@types/osenv@ts3.6" "@types/parseurl@ts3.6" "@types/path-is-absolute@ts3.6" "@types/picomatch@ts3.6" "@types/proxy-addr@ts3.6" "@types/psl@ts3.6" "@types/pump@ts3.6" "@types/punycode@ts3.6" "@types/qs@ts3.6" "@types/range-parser@ts3.6" "@types/rc@ts3.6" "@types/readable-stream@ts3.6" "@types/registry-auth-token@ts3.6" "@types/request@ts3.6" "@types/responselike@ts3.6" "@types/safer-buffer@ts3.6" "@types/sax@ts3.6" "@types/semver@ts3.6" "@types/send@ts3.6" "@types/serve-static@ts3.6" "@types/set-blocking@ts3.6" "@types/signal-exit@ts3.6" "@types/sshpk@ts3.6" "@types/statuses@ts3.6" "@types/supports-color@ts3.6" "@types/tar@ts3.6" "@types/to-regex-range@ts3.6" "@types/toidentifier@ts3.6" "@types/touch@ts3.6" "@types/tough-cookie@ts3.6" "@types/tr46@ts3.6" "@types/type-is@ts3.6" "@types/typedarray-to-buffer@ts3.6" "@types/update-notifier@ts3.6" "@types/url-parse-lax@ts3.6" "@types/util-deprecate@ts3.6" "@types/utils-merge@ts3.6" "@types/uuid@ts3.6" "@types/vary@ts3.6" "@types/verror@ts3.6" "@types/webidl-conversions@ts3.6" "@types/whatwg-url@ts3.6" "@types/which@ts3.6" "@types/write-file-atomic@ts3.6" "@types/yallist@ts3.6" "--save-dev" "--user-agent=typesInstaller/3.6.3"
298 verbose node v12.18.3
299 verbose npm  v6.14.6
300 error code ETARGET
301 error notarget No matching version found for @types/ansi-align@ts3.6.
302 error notarget In most cases you or one of your dependencies are requesting
302 error notarget a package version that doesn't exist.
303 verbose exit [ 1, true ]
